<?xml version="1.0" encoding="UTF-8"?>
<!-- Generated by org.testng.reporters.JUnitReportReporter -->
<testsuite hostname="Georgie" failures="0" tests="1" name="storeFunctionTesting.SFTestig" time="0.062" errors="0" timestamp="2023-01-29T15:07:48 NZDT" skipped="0">
  <testcase classname="storeFunctionTesting.SFTestig" name="test_CustomerLevel_with_StoredProcedure" time="0.062"/>
  <system-out/>
</testsuite> <!-- storeFunctionTesting.SFTestig -->
